2026-06-02 18:21:44 | INFO    | DEMO mode: generating synthetic H&E slides
2026-06-02 18:21:45 | INFO    | Processing 2 slide(s)
2026-06-02 18:21:46 | INFO    |   demo_slide_bluish.png -> 12 patches (label=melanocytic)
2026-06-02 18:21:48 | INFO    |   demo_slide_pinkish.png -> 14 patches (label=mast_cell)
2026-06-02 18:21:48 | INFO    | Quality report written: F:\tayyab\canine-melanoma-catch\outputs\logs\quality_report.csv
2026-06-02 18:21:49 | INFO    | Split: train=18 val=4 test=4 (total=26)
2026-06-02 18:21:49 | INFO    | DONE. Figures in F:\tayyab\canine-melanoma-catch\outputs\figures, reports in F:\tayyab\canine-melanoma-catch\outputs\logs
2026-06-02 18:22:59 | INFO    | DEMO mode: generating synthetic H&E slides
2026-06-02 18:22:59 | INFO    | Processing 2 slide(s)
2026-06-02 18:23:01 | INFO    |   demo_slide_bluish.png -> 12 patches (label=melanocytic)
2026-06-02 18:23:02 | INFO    |   demo_slide_pinkish.png -> 14 patches (label=mast_cell)
2026-06-02 18:23:02 | INFO    | Quality report written: F:\tayyab\canine-melanoma-catch\outputs\logs\quality_report.csv
2026-06-02 18:23:02 | INFO    | Split: train=18 val=4 test=4 (total=26)
2026-06-02 18:23:02 | INFO    | DONE. Figures in F:\tayyab\canine-melanoma-catch\outputs\figures, reports in F:\tayyab\canine-melanoma-catch\outputs\logs
2026-06-21 22:44:44 | INFO    | DEMO mode: generating 6 synthetic slides + masks
2026-06-21 22:44:49 | INFO    | Found 6 slide/mask pair(s)
2026-06-21 22:44:49 | INFO    |   demo_seg_00    ->    3 patches (mags=[5, 10, 20])
2026-06-21 22:44:50 | INFO    |   demo_seg_01    ->    7 patches (mags=[5, 10, 20])
2026-06-21 22:44:51 | INFO    |   demo_seg_02    ->    9 patches (mags=[5, 10, 20])
2026-06-21 22:44:51 | INFO    |   demo_seg_03    ->    5 patches (mags=[5, 10, 20])
2026-06-21 22:44:52 | INFO    |   demo_seg_04    ->    9 patches (mags=[5, 10, 20])
2026-06-21 22:44:52 | INFO    |   demo_seg_05    ->   10 patches (mags=[5, 10, 20])
2026-06-21 22:44:52 | INFO    | Total patches: 43
2026-06-21 22:44:52 | INFO    | Split (patches): train=33 val=7 test=3 | slides 4/1/1
2026-06-21 22:44:52 | INFO    | DONE. Manifests in F:\tayyab\data\processed\seg_splits
2026-06-21 22:46:19 | INFO    | DEMO mode: generating 8 synthetic slides + masks
2026-06-21 22:46:27 | INFO    | Found 8 slide/mask pair(s)
2026-06-21 22:46:29 | INFO    |   demo_seg_00    ->    3 patches (mags=[5, 10, 20])
2026-06-21 22:46:30 | INFO    |   demo_seg_01    ->    4 patches (mags=[5, 10, 20])
2026-06-21 22:46:32 | INFO    |   demo_seg_02    ->    5 patches (mags=[5, 10, 20])
2026-06-21 22:46:34 | INFO    |   demo_seg_03    ->    3 patches (mags=[5, 10, 20])
2026-06-21 22:46:36 | INFO    |   demo_seg_04    ->   58 patches (mags=[5, 10, 20])
2026-06-21 22:46:37 | INFO    |   demo_seg_05    ->    4 patches (mags=[5, 10, 20])
2026-06-21 22:46:39 | INFO    |   demo_seg_06    ->    3 patches (mags=[5, 10, 20])
2026-06-21 22:46:41 | INFO    |   demo_seg_07    ->    6 patches (mags=[5, 10, 20])
2026-06-21 22:46:41 | INFO    | Total patches: 86
2026-06-21 22:46:41 | INFO    | Split (patches): train=79 val=4 test=3 | slides 6/1/1
2026-06-21 22:46:41 | INFO    | DONE. Manifests in F:\tayyab\data\processed\seg_splits
2026-06-21 23:03:31 | INFO    | DEMO mode: generating 8 synthetic slides + masks
2026-06-21 23:03:38 | INFO    | Found 8 slide/mask pair(s)
2026-06-21 23:03:40 | INFO    |   demo_seg_00    ->    3 patches (mags=[5, 10, 20])
2026-06-21 23:03:42 | INFO    |   demo_seg_01    ->    4 patches (mags=[5, 10, 20])
2026-06-21 23:03:43 | INFO    |   demo_seg_02    ->    5 patches (mags=[5, 10, 20])
2026-06-21 23:03:45 | INFO    |   demo_seg_03    ->    3 patches (mags=[5, 10, 20])
2026-06-21 23:03:47 | INFO    |   demo_seg_04    ->   58 patches (mags=[5, 10, 20])
2026-06-21 23:03:48 | INFO    |   demo_seg_05    ->    4 patches (mags=[5, 10, 20])
2026-06-21 23:03:50 | INFO    |   demo_seg_06    ->    3 patches (mags=[5, 10, 20])
2026-06-21 23:03:51 | INFO    |   demo_seg_07    ->    6 patches (mags=[5, 10, 20])
2026-06-21 23:03:51 | INFO    | Total patches: 86
2026-06-21 23:03:51 | INFO    | Split (patches): train=79 val=4 test=3 | slides 6/1/1
2026-06-21 23:03:51 | INFO    | DONE. Manifests in F:\tayyab\data\processed\seg_splits
2026-06-21 23:04:02 | INFO    | Patches: train=48 val=4 test=3
2026-06-21 23:04:02 | INFO    | Device: cpu
2026-06-21 23:04:02 | INFO    | Model: baseline (encoder=resnet34, params=31.04M)
2026-06-21 23:04:02 | INFO    | Tumour pixel fraction ~0.289 -> BCE pos_weight=2.46
2026-06-21 23:05:46 | INFO    | epoch 01/5 | train 0.7527 | val 0.9261 | dice 0.9757 | iou 0.9526 | lr 9.05e-05 | 101.8s
2026-06-21 23:07:18 | INFO    | epoch 02/5 | train 0.5988 | val 0.7755 | dice 0.9878 | iou 0.9759 | lr 6.55e-05 | 90.0s
2026-06-22 10:03:38 | INFO    | DEMO mode: generating 8 synthetic slides + masks
2026-06-22 10:03:48 | INFO    | Found 8 slide/mask pair(s)
2026-06-22 10:03:52 | INFO    |   demo_seg_00    ->    3 patches (mags=[5, 10, 20])
2026-06-22 10:03:53 | INFO    |   demo_seg_01    ->    4 patches (mags=[5, 10, 20])
2026-06-22 10:03:55 | INFO    |   demo_seg_02    ->    5 patches (mags=[5, 10, 20])
2026-06-22 10:03:57 | INFO    |   demo_seg_03    ->    3 patches (mags=[5, 10, 20])
2026-06-22 10:03:59 | INFO    |   demo_seg_04    ->   58 patches (mags=[5, 10, 20])
2026-06-22 10:04:01 | INFO    |   demo_seg_05    ->    4 patches (mags=[5, 10, 20])
2026-06-22 10:04:03 | INFO    |   demo_seg_06    ->    3 patches (mags=[5, 10, 20])
2026-06-22 10:04:05 | INFO    |   demo_seg_07    ->    6 patches (mags=[5, 10, 20])
2026-06-22 10:04:05 | INFO    | Total patches: 86
2026-06-22 10:04:05 | INFO    | Split (patches): train=79 val=4 test=3 | slides 6/1/1
2026-06-22 10:04:05 | INFO    | DONE. Manifests in F:\tayyab\data\processed\seg_splits
2026-06-22 10:04:32 | INFO    | Patches: train=48 val=4 test=3
2026-06-22 10:04:32 | INFO    | Device: cpu
2026-06-22 10:04:35 | INFO    | Model: baseline (encoder=resnet34, params=31.04M)
2026-06-22 10:04:36 | INFO    | Tumour pixel fraction ~0.289 -> BCE pos_weight=2.46
2026-06-22 10:13:55 | INFO    | epoch 01/5 | train 0.7610 | val 0.9214 | dice 0.9816 | iou 0.9640 | lr 9.05e-05 | 542.7s
2026-06-22 10:15:33 | INFO    | epoch 02/5 | train 0.6190 | val 0.7760 | dice 0.9872 | iou 0.9748 | lr 6.55e-05 | 94.4s
2026-06-22 10:17:12 | INFO    | epoch 03/5 | train 0.5644 | val 0.5438 | dice 0.9897 | iou 0.9798 | lr 3.45e-05 | 97.1s
2026-06-22 10:19:37 | INFO    | epoch 04/5 | train 0.5573 | val 0.3721 | dice 0.9904 | iou 0.9810 | lr 9.55e-06 | 138.3s
2026-06-22 10:21:20 | INFO    | epoch 05/5 | train 0.4911 | val 0.2863 | dice 0.9899 | iou 0.9801 | lr 0.00e+00 | 100.4s
2026-06-22 10:21:21 | INFO    | Best val Dice 0.9904 at epoch 4
2026-06-22 10:21:37 | INFO    | TEST | dice 0.9850 | iou 0.9705 | pix-acc 0.9777 | hausdorff 73.84
2026-06-22 10:21:56 | INFO    | Report written: F:\tayyab\outputs\logs\unet_baseline_test_report.json
2026-06-22 10:23:29 | INFO    | Patches: train=48 val=4 test=3
2026-06-22 10:23:29 | INFO    | Device: cpu
2026-06-22 10:24:35 | INFO    | Model: unet (encoder=resnet34, params=24.44M)
2026-06-22 10:24:35 | INFO    | Tumour pixel fraction ~0.289 -> BCE pos_weight=2.46
2026-06-22 10:25:15 | INFO    | epoch 01/5 | train 0.7930 | val 0.2684 | dice 0.9178 | iou 0.8557 | lr 9.05e-05 | 40.2s
2026-06-22 10:25:55 | INFO    | epoch 02/5 | train 0.6264 | val 0.1639 | dice 0.9296 | iou 0.8750 | lr 6.55e-05 | 39.6s
2026-06-22 10:26:33 | INFO    | epoch 03/5 | train 0.6283 | val 0.1800 | dice 0.9328 | iou 0.8801 | lr 3.45e-05 | 38.3s
2026-06-22 10:27:11 | INFO    | epoch 04/5 | train 0.5889 | val 0.1402 | dice 0.9443 | iou 0.8989 | lr 9.55e-06 | 37.2s
2026-06-22 10:27:47 | INFO    | epoch 05/5 | train 0.5574 | val 0.1331 | dice 0.9533 | iou 0.9138 | lr 0.00e+00 | 36.2s
2026-06-22 10:27:47 | INFO    | Best val Dice 0.9533 at epoch 5
2026-06-22 10:27:52 | INFO    | TEST | dice 0.9406 | iou 0.8894 | pix-acc 0.9125 | hausdorff 83.68
2026-06-22 10:27:53 | INFO    | Report written: F:\tayyab\outputs\logs\unet_resnet34_test_report.json
2026-06-22 10:28:59 | INFO    | DEMO mode: generating 14 synthetic slides + masks
2026-06-22 10:29:10 | INFO    | Found 14 slide/mask pair(s)
2026-06-22 10:29:12 | INFO    |   demo_seg_00    ->    2 patches (mags=[5, 10, 20])
2026-06-22 10:29:13 | INFO    |   demo_seg_01    ->    4 patches (mags=[5, 10, 20])
2026-06-22 10:29:15 | INFO    |   demo_seg_02    ->    7 patches (mags=[5, 10, 20])
2026-06-22 10:29:17 | INFO    |   demo_seg_03    ->    2 patches (mags=[5, 10, 20])
2026-06-22 10:29:19 | INFO    |   demo_seg_04    ->    9 patches (mags=[5, 10, 20])
2026-06-22 10:29:20 | INFO    |   demo_seg_05    ->    7 patches (mags=[5, 10, 20])
2026-06-22 10:29:22 | INFO    |   demo_seg_06    ->    3 patches (mags=[5, 10, 20])
2026-06-22 10:29:23 | INFO    |   demo_seg_07    ->    4 patches (mags=[5, 10, 20])
2026-06-22 10:29:25 | INFO    |   demo_seg_08    ->    7 patches (mags=[5, 10, 20])
2026-06-22 10:29:26 | INFO    |   demo_seg_09    ->    2 patches (mags=[5, 10, 20])
2026-06-22 10:29:28 | INFO    |   demo_seg_10    ->    7 patches (mags=[5, 10, 20])
2026-06-22 10:29:30 | INFO    |   demo_seg_11    ->    6 patches (mags=[5, 10, 20])
2026-06-22 10:29:31 | INFO    |   demo_seg_12    ->    7 patches (mags=[5, 10, 20])
2026-06-22 10:29:33 | INFO    |   demo_seg_13    ->    4 patches (mags=[5, 10, 20])
2026-06-22 10:29:33 | INFO    | Total patches: 71
2026-06-22 10:29:33 | INFO    | Split (patches): train=44 val=16 test=11 | slides 10/2/2
2026-06-22 10:29:33 | INFO    | DONE. Manifests in F:\tayyab\data\processed\seg_splits
2026-06-22 10:31:58 | INFO    | DEMO mode: generating 14 synthetic slides + masks
2026-06-22 10:32:09 | INFO    | Found 14 slide/mask pair(s)
2026-06-22 10:32:11 | INFO    |   demo_seg_00    ->   44 patches (mags=[5, 10, 20])
2026-06-22 10:32:13 | INFO    |   demo_seg_01    ->   74 patches (mags=[5, 10, 20])
2026-06-22 10:32:15 | INFO    |   demo_seg_02    ->   39 patches (mags=[5, 10, 20])
2026-06-22 10:32:16 | INFO    |   demo_seg_03    ->   72 patches (mags=[5, 10, 20])
2026-06-22 10:32:18 | INFO    |   demo_seg_04    ->    6 patches (mags=[5, 10, 20])
2026-06-22 10:32:20 | INFO    |   demo_seg_05    ->   39 patches (mags=[5, 10, 20])
2026-06-22 10:32:21 | INFO    |   demo_seg_06    ->    0 patches (mags=[5, 10, 20])
2026-06-22 10:32:23 | INFO    |   demo_seg_07    ->   50 patches (mags=[5, 10, 20])
2026-06-22 10:32:25 | INFO    |   demo_seg_08    ->   13 patches (mags=[5, 10, 20])
2026-06-22 10:32:27 | INFO    |   demo_seg_09    ->   77 patches (mags=[5, 10, 20])
2026-06-22 10:32:28 | INFO    |   demo_seg_10    ->    4 patches (mags=[5, 10, 20])
2026-06-22 10:32:30 | INFO    |   demo_seg_11    ->   75 patches (mags=[5, 10, 20])
2026-06-22 10:32:32 | INFO    |   demo_seg_12    ->   51 patches (mags=[5, 10, 20])
2026-06-22 10:32:34 | INFO    |   demo_seg_13    ->   72 patches (mags=[5, 10, 20])
2026-06-22 10:32:34 | INFO    | Total patches: 616
2026-06-22 10:32:34 | INFO    | Split (patches): train=408 val=57 test=151 | slides 9/2/2
2026-06-22 10:32:34 | INFO    | DONE. Manifests in F:\tayyab\data\processed\seg_splits
2026-06-22 10:36:48 | INFO    | Patches: train=24 val=16 test=16
2026-06-22 10:36:48 | INFO    | Device: cpu
2026-06-22 10:37:08 | INFO    | Model: baseline (encoder=resnet34, params=31.04M)
2026-06-22 10:37:11 | INFO    | Tumour pixel fraction ~0.095 -> BCE pos_weight=9.57
2026-06-22 10:50:14 | INFO    | epoch 01/1 | train 1.0476 | val 1.1108 | dice 0.7500 | iou 0.7500 | lr 0.00e+00 | 684.8s
2026-06-22 10:50:26 | INFO    | Best val Dice 0.7500 at epoch 1
2026-06-22 10:51:04 | INFO    | TEST | dice 0.7500 | iou 0.7500 | pix-acc 0.9423 | hausdorff nan
2026-06-22 10:51:40 | INFO    | Report written: F:\tayyab\outputs\logs\_sanity_test_report.json
2026-06-22 16:34:36 | INFO    | DEMO mode: generating 14 synthetic slides + masks
2026-06-22 16:34:49 | INFO    | Found 14 slide/mask pair(s)
2026-06-22 16:34:51 | INFO    |   demo_seg_00    ->   44 patches (mags=[5, 10, 20])
2026-06-22 16:34:53 | INFO    |   demo_seg_01    ->   74 patches (mags=[5, 10, 20])
2026-06-22 16:34:55 | INFO    |   demo_seg_02    ->   39 patches (mags=[5, 10, 20])
2026-06-22 16:34:56 | INFO    |   demo_seg_03    ->   72 patches (mags=[5, 10, 20])
2026-06-22 16:34:58 | INFO    |   demo_seg_04    ->    6 patches (mags=[5, 10, 20])
2026-06-22 16:35:00 | INFO    |   demo_seg_05    ->   39 patches (mags=[5, 10, 20])
2026-06-22 16:35:02 | INFO    |   demo_seg_06    ->    0 patches (mags=[5, 10, 20])
2026-06-22 16:35:04 | INFO    |   demo_seg_07    ->   50 patches (mags=[5, 10, 20])
2026-06-22 16:35:05 | INFO    |   demo_seg_08    ->   13 patches (mags=[5, 10, 20])
2026-06-22 16:35:07 | INFO    |   demo_seg_09    ->   77 patches (mags=[5, 10, 20])
2026-06-22 16:35:09 | INFO    |   demo_seg_10    ->    4 patches (mags=[5, 10, 20])
2026-06-22 16:35:10 | INFO    |   demo_seg_11    ->   75 patches (mags=[5, 10, 20])
2026-06-22 16:35:12 | INFO    |   demo_seg_12    ->   51 patches (mags=[5, 10, 20])
2026-06-22 16:35:14 | INFO    |   demo_seg_13    ->   72 patches (mags=[5, 10, 20])
2026-06-22 16:35:14 | INFO    | Total patches: 616
2026-06-22 16:35:14 | INFO    | Split (patches): train=408 val=57 test=151 | slides 9/2/2
2026-06-22 16:35:14 | INFO    | DONE. Manifests in F:\tayyab\data\processed\seg_splits
2026-06-22 16:35:41 | INFO    | Patches: train=100 val=57 test=60
2026-06-22 16:35:41 | INFO    | Device: cpu
2026-06-22 16:35:42 | INFO    | Model: baseline (encoder=resnet34, params=31.04M)
2026-06-22 16:35:43 | INFO    | Tumour pixel fraction ~0.092 -> BCE pos_weight=9.90
2026-06-22 16:42:50 | INFO    | epoch 01/6 | train 0.8553 | val 0.9792 | dice 0.2998 | iou 0.2771 | lr 9.33e-05 | 412.6s
2026-06-22 16:46:53 | INFO    | epoch 02/6 | train 0.6967 | val 0.6655 | dice 0.2925 | iou 0.2676 | lr 7.50e-05 | 221.7s
2026-06-22 16:53:13 | INFO    | epoch 03/6 | train 0.6912 | val 0.5946 | dice 0.2942 | iou 0.2695 | lr 5.00e-05 | 379.7s
2026-06-22 16:57:40 | INFO    | epoch 04/6 | train 0.6612 | val 0.5849 | dice 0.3012 | iou 0.2789 | lr 2.50e-05 | 265.3s
2026-06-22 17:01:54 | INFO    | epoch 05/6 | train 0.6598 | val 0.5735 | dice 0.2998 | iou 0.2765 | lr 6.70e-06 | 247.5s
2026-06-22 17:05:30 | INFO    | epoch 06/6 | train 0.6684 | val 0.5621 | dice 0.3351 | iou 0.3215 | lr 0.00e+00 | 216.1s
2026-06-22 17:05:57 | INFO    | Best val Dice 0.3351 at epoch 6
2026-06-22 17:07:00 | INFO    | TEST | dice 0.2182 | iou 0.2043 | pix-acc 0.9928 | hausdorff 154.81
2026-06-22 17:08:18 | INFO    | Report written: F:\tayyab\outputs\logs\unet_baseline_test_report.json
2026-06-22 17:18:52 | INFO    | Patches: train=100 val=57 test=60
2026-06-22 17:18:52 | INFO    | Device: cpu
2026-06-22 17:19:50 | INFO    | Model: unet (encoder=resnet34, params=24.44M)
2026-06-22 17:19:50 | INFO    | Tumour pixel fraction ~0.092 -> BCE pos_weight=9.90
2026-06-22 17:21:10 | INFO    | epoch 01/12 | train 0.9287 | val 0.8621 | dice 0.1618 | iou 0.1265 | lr 9.83e-05 | 79.8s
2026-06-22 17:22:30 | INFO    | epoch 02/12 | train 0.7712 | val 0.8024 | dice 0.1717 | iou 0.1353 | lr 9.33e-05 | 79.7s
2026-06-22 17:23:47 | INFO    | epoch 03/12 | train 0.7204 | val 0.6556 | dice 0.2120 | iou 0.1746 | lr 8.54e-05 | 76.7s
2026-06-22 17:25:03 | INFO    | epoch 04/12 | train 0.7071 | val 0.6118 | dice 0.2467 | iou 0.2139 | lr 7.50e-05 | 76.2s
2026-06-22 17:26:21 | INFO    | epoch 05/12 | train 0.6781 | val 0.5952 | dice 0.2514 | iou 0.2183 | lr 6.29e-05 | 77.1s
2026-06-22 17:27:37 | INFO    | epoch 06/12 | train 0.6420 | val 0.5746 | dice 0.2551 | iou 0.2212 | lr 5.00e-05 | 76.7s
2026-06-22 17:28:52 | INFO    | epoch 07/12 | train 0.6572 | val 0.5526 | dice 0.2978 | iou 0.2669 | lr 3.71e-05 | 74.9s
2026-06-22 17:30:11 | INFO    | epoch 08/12 | train 0.6395 | val 0.5592 | dice 0.2657 | iou 0.2314 | lr 2.50e-05 | 78.5s
2026-06-22 17:31:25 | INFO    | epoch 09/12 | train 0.6814 | val 0.5462 | dice 0.4437 | iou 0.4135 | lr 1.46e-05 | 74.0s
2026-06-22 17:32:40 | INFO    | epoch 10/12 | train 0.6510 | val 0.5569 | dice 0.3047 | iou 0.2767 | lr 6.70e-06 | 75.0s
2026-06-22 17:34:00 | INFO    | epoch 11/12 | train 0.6649 | val 0.5548 | dice 0.2850 | iou 0.2516 | lr 1.70e-06 | 79.8s
2026-06-22 17:35:18 | INFO    | epoch 12/12 | train 0.6278 | val 0.5614 | dice 0.2686 | iou 0.2365 | lr 0.00e+00 | 77.6s
2026-06-22 17:35:18 | INFO    | Best val Dice 0.4437 at epoch 9
2026-06-22 17:35:40 | INFO    | TEST | dice 0.4300 | iou 0.4053 | pix-acc 0.9906 | hausdorff 115.10
2026-06-22 17:35:42 | INFO    | Report written: F:\tayyab\outputs\logs\unet_resnet34_test_report.json
2026-06-27 09:25:12 | INFO    | DEMO mode: generating 4 slides/class for ['melanocytic', 'mast_cell', 'squamous_cell']
2026-06-27 09:25:20 | INFO    | Classes: {'mast_cell': 0, 'melanocytic': 1, 'squamous_cell': 2}
2026-06-27 09:25:22 | INFO    |   melanocytic_00     [melanocytic] -> 34 patches
2026-06-27 09:25:23 | INFO    |   melanocytic_01     [melanocytic] -> 0 patches
2026-06-27 09:25:24 | INFO    |   melanocytic_02     [melanocytic] -> 0 patches
2026-06-27 09:25:25 | INFO    |   melanocytic_03     [melanocytic] -> 0 patches
2026-06-27 09:25:26 | INFO    |   mast_cell_00       [mast_cell] -> 15 patches
2026-06-27 09:25:28 | INFO    |   mast_cell_01       [mast_cell] -> 33 patches
2026-06-27 09:25:29 | INFO    |   mast_cell_02       [mast_cell] -> 25 patches
2026-06-27 09:25:30 | INFO    |   mast_cell_03       [mast_cell] -> 34 patches
2026-06-27 09:25:32 | INFO    |   squamous_cell_00   [squamous_cell] -> 27 patches
2026-06-27 09:25:33 | INFO    |   squamous_cell_01   [squamous_cell] -> 9 patches
2026-06-27 09:25:34 | INFO    |   squamous_cell_02   [squamous_cell] -> 30 patches
2026-06-27 09:25:36 | INFO    |   squamous_cell_03   [squamous_cell] -> 29 patches
2026-06-27 09:25:36 | INFO    | Total patches: 236
2026-06-27 09:25:36 | INFO    | Split (patches): train=212 val=0 test=24
2026-06-27 09:25:36 | INFO    | DONE. Manifests in F:\tayyab\data\processed\cls_splits
2026-06-27 09:26:35 | INFO    | DEMO mode: generating 5 slides/class for ['melanocytic', 'mast_cell', 'squamous_cell']
2026-06-27 09:26:43 | INFO    | Classes: {'mast_cell': 0, 'melanocytic': 1, 'squamous_cell': 2}
2026-06-27 09:26:44 | INFO    |   melanocytic_00     [melanocytic] -> 28 patches
2026-06-27 09:26:45 | INFO    |   melanocytic_01     [melanocytic] -> 33 patches
2026-06-27 09:26:46 | INFO    |   melanocytic_02     [melanocytic] -> 22 patches
2026-06-27 09:26:47 | INFO    |   melanocytic_03     [melanocytic] -> 34 patches
2026-06-27 09:26:48 | INFO    |   melanocytic_04     [melanocytic] -> 25 patches
2026-06-27 09:26:49 | INFO    |   mast_cell_00       [mast_cell] -> 5 patches
2026-06-27 09:26:51 | INFO    |   mast_cell_01       [mast_cell] -> 33 patches
2026-06-27 09:26:52 | INFO    |   mast_cell_02       [mast_cell] -> 29 patches
2026-06-27 09:26:53 | INFO    |   mast_cell_03       [mast_cell] -> 10 patches
2026-06-27 09:26:54 | INFO    |   mast_cell_04       [mast_cell] -> 13 patches
2026-06-27 09:26:55 | INFO    |   squamous_cell_00   [squamous_cell] -> 20 patches
2026-06-27 09:26:56 | INFO    |   squamous_cell_01   [squamous_cell] -> 35 patches
2026-06-27 09:26:57 | INFO    |   squamous_cell_02   [squamous_cell] -> 19 patches
2026-06-27 09:26:58 | INFO    |   squamous_cell_03   [squamous_cell] -> 33 patches
2026-06-27 09:26:59 | INFO    |   squamous_cell_04   [squamous_cell] -> 23 patches
2026-06-27 09:26:59 | INFO    | Total patches: 362
2026-06-27 09:26:59 | INFO    | Split (patches): train=209 val=90 test=63
2026-06-27 09:26:59 | INFO    | DONE. Manifests in F:\tayyab\data\processed\cls_splits
2026-06-27 09:27:47 | INFO    | Patches: train=64 val=32 test=32
2026-06-27 09:27:47 | INFO    | Device: cpu
2026-06-27 09:27:48 | INFO    | Model: attention (encoder=resnet34, params=31.39M)
2026-06-27 09:27:51 | INFO    | Tumour pixel fraction ~0.092 -> BCE pos_weight=9.92
2026-06-27 09:33:41 | INFO    | epoch 01/5 | train 0.9103 | val 1.0532 | dice 0.9098 | iou 0.8652 | lr 9.05e-05 | 347.2s
2026-06-27 09:36:39 | INFO    | epoch 02/5 | train 0.7065 | val 0.9843 | dice 0.4266 | iou 0.4165 | lr 6.55e-05 | 166.1s
2026-06-27 09:39:00 | INFO    | epoch 03/5 | train 0.7399 | val 0.7975 | dice 0.3032 | iou 0.2947 | lr 3.45e-05 | 140.5s
2026-06-27 09:41:25 | INFO    | epoch 04/5 | train 0.6499 | val 0.6776 | dice 0.2987 | iou 0.2872 | lr 9.55e-06 | 144.9s
2026-06-27 09:43:55 | INFO    | epoch 05/5 | train 0.7179 | val 0.6387 | dice 0.2571 | iou 0.2399 | lr 0.00e+00 | 150.2s
2026-06-27 09:43:56 | INFO    | Best val Dice 0.9098 at epoch 1
2026-06-27 09:44:39 | INFO    | TEST | dice 0.9635 | iou 0.9384 | pix-acc 0.9862 | hausdorff 4.98
2026-06-27 09:45:22 | INFO    | Report written: F:\tayyab\outputs\logs\unet_attention_test_report.json
2026-06-27 09:45:59 | INFO    | DEMO mode: generating 5 slides/class for ['melanocytic', 'mast_cell', 'squamous_cell']
2026-06-27 09:46:05 | INFO    | Classes: {'mast_cell': 0, 'melanocytic': 1, 'squamous_cell': 2}
2026-06-27 09:46:06 | INFO    |   melanocytic_00     [melanocytic] -> 28 patches
2026-06-27 09:46:07 | INFO    |   melanocytic_01     [melanocytic] -> 33 patches
2026-06-27 09:46:08 | INFO    |   melanocytic_02     [melanocytic] -> 22 patches
2026-06-27 09:46:09 | INFO    |   melanocytic_03     [melanocytic] -> 34 patches
2026-06-27 09:46:10 | INFO    |   melanocytic_04     [melanocytic] -> 25 patches
2026-06-27 09:46:10 | INFO    |   mast_cell_00       [mast_cell] -> 5 patches
2026-06-27 09:46:11 | INFO    |   mast_cell_01       [mast_cell] -> 33 patches
2026-06-27 09:46:12 | INFO    |   mast_cell_02       [mast_cell] -> 29 patches
2026-06-27 09:46:13 | INFO    |   mast_cell_03       [mast_cell] -> 10 patches
2026-06-27 09:46:14 | INFO    |   mast_cell_04       [mast_cell] -> 13 patches
2026-06-27 09:46:15 | INFO    |   squamous_cell_00   [squamous_cell] -> 20 patches
2026-06-27 09:46:15 | INFO    |   squamous_cell_01   [squamous_cell] -> 35 patches
2026-06-27 09:46:16 | INFO    |   squamous_cell_02   [squamous_cell] -> 19 patches
2026-06-27 09:46:17 | INFO    |   squamous_cell_03   [squamous_cell] -> 33 patches
2026-06-27 09:46:18 | INFO    |   squamous_cell_04   [squamous_cell] -> 23 patches
2026-06-27 09:46:18 | INFO    | Total patches: 362
2026-06-27 09:46:18 | INFO    | Split (patches): train=209 val=90 test=63
2026-06-27 09:46:18 | INFO    | DONE. Manifests in F:\tayyab\data\processed\cls_splits
2026-06-27 09:46:56 | INFO    | Classes: ['mast_cell', 'melanocytic', 'squamous_cell']
2026-06-27 09:46:56 | INFO    | Patches: train=120 val=90 test=63
2026-06-27 09:46:56 | INFO    | Device: cpu
2026-06-27 09:47:42 | INFO    | Model: resnet50 (trainable head params=23514179)
2026-06-27 09:47:42 | INFO    | Class weights (imbalance handling): [1.0, 1.0, 1.0]
2026-06-27 09:48:11 | INFO    | epoch 01/6 | loss 1.0875 | val acc 0.467 | val f1 0.310 | auc 0.687 | 28.4s
2026-06-27 09:48:34 | INFO    | epoch 02/6 | loss 1.0002 | val acc 0.756 | val f1 0.602 | auc 0.969 | 23.3s
2026-06-27 09:48:34 | INFO    |   unfroze to stage 1 (14970883 trainable params)
2026-06-27 09:49:03 | INFO    | epoch 03/6 | loss 0.6700 | val acc 1.000 | val f1 1.000 | auc 1.000 | 28.2s
2026-06-27 09:49:31 | INFO    | epoch 04/6 | loss 0.4514 | val acc 0.967 | val f1 0.971 | auc 1.000 | 28.3s
2026-06-27 09:49:31 | INFO    |   unfroze to stage 2 (22069251 trainable params)
2026-06-27 09:50:08 | INFO    | epoch 05/6 | loss 0.3819 | val acc 1.000 | val f1 1.000 | auc 1.000 | 36.9s
2026-06-27 09:50:47 | INFO    | epoch 06/6 | loss 0.3466 | val acc 0.978 | val f1 0.980 | auc 1.000 | 38.7s
2026-06-27 09:50:47 | INFO    | Best val macro-F1 1.0000 at epoch 3
2026-06-27 09:50:54 | INFO    | TEST | acc 1.000 | macro-F1 1.000 | precision 1.000 | recall 1.000 | auc 1.000
2026-06-27 09:50:56 | INFO    | Report written: F:\tayyab\outputs\logs\cls_resnet50_test_report.json
2026-06-27 09:51:43 | INFO    | Patches: train=100 val=57 test=60
2026-06-27 09:51:43 | INFO    | Device: cpu
2026-06-27 09:51:43 | INFO    | Model: attention (encoder=resnet34, params=31.39M)
2026-06-27 09:51:44 | INFO    | Tumour pixel fraction ~0.092 -> BCE pos_weight=9.90
2026-06-27 09:56:22 | INFO    | epoch 01/10 | train 0.8286 | val 1.0665 | dice 0.9484 | iou 0.9217 | lr 9.76e-05 | 276.2s
2026-06-27 10:01:54 | INFO    | epoch 02/10 | train 0.6693 | val 0.7056 | dice 0.3366 | iou 0.3242 | lr 9.05e-05 | 281.0s
2026-06-27 10:05:55 | INFO    | epoch 03/10 | train 0.6680 | val 0.5986 | dice 0.3016 | iou 0.2797 | lr 7.94e-05 | 241.8s
2026-06-27 10:09:53 | INFO    | epoch 04/10 | train 0.7146 | val 0.5871 | dice 0.3043 | iou 0.2837 | lr 6.55e-05 | 237.4s
2026-06-27 10:13:42 | INFO    | epoch 05/10 | train 0.6402 | val 0.5592 | dice 0.3531 | iou 0.3398 | lr 5.00e-05 | 229.2s
2026-06-27 10:17:49 | INFO    | epoch 06/10 | train 0.6050 | val 0.5566 | dice 0.4045 | iou 0.3903 | lr 3.45e-05 | 246.7s
2026-06-27 10:26:24 | INFO    | epoch 07/10 | train 0.6247 | val 0.5539 | dice 0.3315 | iou 0.3154 | lr 2.06e-05 | 511.8s
2026-06-27 10:33:00 | INFO    | epoch 08/10 | train 0.6488 | val 0.5453 | dice 0.5299 | iou 0.5176 | lr 9.55e-06 | 395.8s
2026-06-27 10:37:46 | INFO    | epoch 09/10 | train 0.5867 | val 0.5522 | dice 0.3689 | iou 0.3545 | lr 2.45e-06 | 285.3s
2026-06-27 10:42:30 | INFO    | epoch 10/10 | train 0.6226 | val 0.5431 | dice 0.4417 | iou 0.4291 | lr 0.00e+00 | 283.9s
2026-06-27 10:42:33 | INFO    | Best val Dice 0.9484 at epoch 1
2026-06-27 10:43:37 | INFO    | TEST | dice 0.9204 | iou 0.9058 | pix-acc 0.9946 | hausdorff 19.61
2026-06-27 10:44:18 | INFO    | Report written: F:\tayyab\outputs\logs\unet_attention_test_report.json
2026-06-27 10:45:51 | INFO    | DEMO mode: generating 5 slides/class for ['melanocytic', 'mast_cell', 'squamous_cell']
2026-06-27 10:45:58 | INFO    | Classes: {'mast_cell': 0, 'melanocytic': 1, 'squamous_cell': 2}
2026-06-27 10:46:00 | INFO    |   melanocytic_00     [melanocytic] -> 28 patches
2026-06-27 10:46:01 | INFO    |   melanocytic_01     [melanocytic] -> 33 patches
2026-06-27 10:46:02 | INFO    |   melanocytic_02     [melanocytic] -> 22 patches
2026-06-27 10:46:03 | INFO    |   melanocytic_03     [melanocytic] -> 34 patches
2026-06-27 10:46:04 | INFO    |   melanocytic_04     [melanocytic] -> 25 patches
2026-06-27 10:46:05 | INFO    |   mast_cell_00       [mast_cell] -> 5 patches
2026-06-27 10:46:06 | INFO    |   mast_cell_01       [mast_cell] -> 33 patches
2026-06-27 10:46:07 | INFO    |   mast_cell_02       [mast_cell] -> 29 patches
2026-06-27 10:46:08 | INFO    |   mast_cell_03       [mast_cell] -> 10 patches
2026-06-27 10:46:09 | INFO    |   mast_cell_04       [mast_cell] -> 13 patches
2026-06-27 10:46:10 | INFO    |   squamous_cell_00   [squamous_cell] -> 20 patches
2026-06-27 10:46:11 | INFO    |   squamous_cell_01   [squamous_cell] -> 35 patches
2026-06-27 10:46:12 | INFO    |   squamous_cell_02   [squamous_cell] -> 19 patches
2026-06-27 10:46:13 | INFO    |   squamous_cell_03   [squamous_cell] -> 33 patches
2026-06-27 10:46:14 | INFO    |   squamous_cell_04   [squamous_cell] -> 23 patches
2026-06-27 10:46:14 | INFO    | Total patches: 362
2026-06-27 10:46:15 | INFO    | Split (patches): train=209 val=90 test=63
2026-06-27 10:46:15 | INFO    | DONE. Manifests in F:\tayyab\data\processed\cls_splits
2026-06-27 10:46:59 | INFO    | Classes: ['mast_cell', 'melanocytic', 'squamous_cell']
2026-06-27 10:47:00 | INFO    | Patches: train=209 val=90 test=63
2026-06-27 10:47:00 | INFO    | Device: cpu
2026-06-27 10:47:01 | INFO    | Model: resnet50 (trainable head params=23514179)
2026-06-27 10:47:01 | INFO    | Class weights (imbalance handling): [1.26, 0.69, 1.05]
2026-06-27 10:47:48 | INFO    | epoch 01/10 | loss 1.0434 | val acc 0.722 | val f1 0.549 | auc 0.869 | 47.5s
2026-06-27 10:48:37 | INFO    | epoch 02/10 | loss 0.8983 | val acc 0.956 | val f1 0.948 | auc 1.000 | 48.7s
2026-06-27 10:48:37 | INFO    |   unfroze to stage 1 (14970883 trainable params)
2026-06-27 10:49:28 | INFO    | epoch 03/10 | loss 0.5265 | val acc 1.000 | val f1 1.000 | auc 1.000 | 50.4s
2026-06-27 10:50:14 | INFO    | epoch 04/10 | loss 0.3604 | val acc 1.000 | val f1 1.000 | auc 1.000 | 46.4s
2026-06-27 10:50:14 | INFO    |   unfroze to stage 2 (22069251 trainable params)
2026-06-27 10:51:26 | INFO    | epoch 05/10 | loss 0.3687 | val acc 0.933 | val f1 0.929 | auc 1.000 | 72.0s
2026-06-27 10:52:37 | INFO    | epoch 06/10 | loss 0.3405 | val acc 0.989 | val f1 0.988 | auc 1.000 | 70.5s
2026-06-27 10:53:43 | INFO    | epoch 07/10 | loss 0.3336 | val acc 1.000 | val f1 1.000 | auc 1.000 | 66.4s
2026-06-27 10:54:55 | INFO    | epoch 08/10 | loss 0.3290 | val acc 1.000 | val f1 1.000 | auc 1.000 | 71.8s
2026-06-27 10:56:06 | INFO    | epoch 09/10 | loss 0.3303 | val acc 1.000 | val f1 1.000 | auc 1.000 | 71.3s
2026-06-27 10:57:17 | INFO    | epoch 10/10 | loss 0.3308 | val acc 0.989 | val f1 0.988 | auc 1.000 | 70.8s
2026-06-27 10:57:17 | INFO    | Best val macro-F1 1.0000 at epoch 3
2026-06-27 10:57:27 | INFO    | TEST | acc 1.000 | macro-F1 1.000 | precision 1.000 | recall 1.000 | auc 1.000
2026-06-27 10:57:30 | INFO    | Report written: F:\tayyab\outputs\logs\cls_resnet50_test_report.json
2026-06-27 10:59:58 | INFO    | Patches: train=100 val=57 test=60
2026-06-27 10:59:58 | INFO    | Device: cpu
2026-06-27 10:59:58 | INFO    | Model: baseline (encoder=resnet34, params=31.04M)
2026-06-27 10:59:58 | INFO    | Tumour pixel fraction ~0.092 -> BCE pos_weight=9.90
2026-06-27 11:07:33 | INFO    | epoch 01/10 | train 0.8219 | val 0.9580 | dice 0.9333 | iou 0.8749 | lr 9.76e-05 | 451.3s
2026-06-29 17:00:54 | INFO    | DEMO mode: generating synthetic H&E slides
2026-06-29 17:00:54 | INFO    | Processing 2 slide(s)
2026-06-29 17:00:56 | INFO    |   demo_slide_bluish.png -> 12 patches (label=demo_bluish)
2026-06-29 17:00:58 | INFO    |   demo_slide_pinkish.png -> 14 patches (label=demo_pinkish)
2026-06-29 17:00:58 | INFO    | Quality report written: E:\Project\canine-melanoma-catch\outputs\logs\quality_report.csv
2026-06-29 17:00:58 | INFO    | Split: train=18 val=4 test=4 (total=26)
2026-06-29 17:00:58 | INFO    | DONE. Figures in E:\Project\canine-melanoma-catch\outputs\figures, reports in E:\Project\canine-melanoma-catch\outputs\logs
2026-06-29 17:01:03 | INFO    | DEMO mode: generating 6 synthetic slides + masks
2026-06-29 17:01:14 | INFO    |   demo_seg_00    ->   44 patches (mags=[5, 10, 20])
2026-06-29 17:01:16 | INFO    |   demo_seg_01    ->   74 patches (mags=[5, 10, 20])
2026-06-29 17:01:19 | INFO    |   demo_seg_02    ->   39 patches (mags=[5, 10, 20])
2026-06-29 17:01:21 | INFO    |   demo_seg_03    ->   72 patches (mags=[5, 10, 20])
2026-06-29 17:01:24 | INFO    |   demo_seg_04    ->    6 patches (mags=[5, 10, 20])
2026-06-29 17:01:26 | INFO    |   demo_seg_05    ->   39 patches (mags=[5, 10, 20])
2026-06-29 17:01:26 | INFO    | Total patches: 274
2026-06-29 17:01:26 | INFO    | Split (patches): train=156 val=74 test=44 | slides 4/1/1
2026-06-29 17:01:26 | INFO    | DONE. Manifests in E:\Project\canine-melanoma-catch\data\processed\seg_splits
2026-06-29 17:01:31 | INFO    | DEMO mode: generating 4 slides/class for ['melanocytic', 'mast_cell', 'squamous_cell']
2026-06-29 17:01:37 | INFO    | Classes (subtype mode): {'mast_cell': 0, 'melanocytic': 1, 'squamous_cell': 2}
2026-06-29 17:01:39 | INFO    |   melanocytic_00     [melanocytic] -> 28 patches
2026-06-29 17:01:40 | INFO    |   melanocytic_01     [melanocytic] -> 33 patches
2026-06-29 17:01:41 | INFO    |   melanocytic_02     [melanocytic] -> 22 patches
2026-06-29 17:01:43 | INFO    |   melanocytic_03     [melanocytic] -> 34 patches
2026-06-29 17:01:44 | INFO    |   mast_cell_00       [mast_cell] -> 5 patches
2026-06-29 17:01:45 | INFO    |   mast_cell_01       [mast_cell] -> 33 patches
2026-06-29 17:01:47 | INFO    |   mast_cell_02       [mast_cell] -> 29 patches
2026-06-29 17:01:48 | INFO    |   mast_cell_03       [mast_cell] -> 10 patches
2026-06-29 17:01:49 | INFO    |   squamous_cell_00   [squamous_cell] -> 20 patches
2026-06-29 17:01:50 | INFO    |   squamous_cell_01   [squamous_cell] -> 35 patches
2026-06-29 17:01:52 | INFO    |   squamous_cell_02   [squamous_cell] -> 19 patches
2026-06-29 17:01:53 | INFO    |   squamous_cell_03   [squamous_cell] -> 33 patches
2026-06-29 17:01:53 | INFO    | Total patches: 301
2026-06-29 17:01:53 | INFO    | Split (patches): train=148 val=80 test=73
2026-06-29 17:01:53 | INFO    | DONE. Manifests in E:\Project\canine-melanoma-catch\data\processed\cls_splits
2026-06-29 17:08:41 | INFO    | DEMO mode: generating 14 synthetic slides + masks
2026-06-29 17:09:05 | INFO    |   demo_seg_00    ->   44 patches (mags=[5, 10, 20])
2026-06-29 17:09:09 | INFO    |   demo_seg_01    ->   74 patches (mags=[5, 10, 20])
2026-06-29 17:09:13 | INFO    |   demo_seg_02    ->   39 patches (mags=[5, 10, 20])
2026-06-29 17:09:16 | INFO    |   demo_seg_03    ->   72 patches (mags=[5, 10, 20])
2026-06-29 17:09:20 | INFO    |   demo_seg_04    ->    6 patches (mags=[5, 10, 20])
2026-06-29 17:09:23 | INFO    |   demo_seg_05    ->   39 patches (mags=[5, 10, 20])
2026-06-29 17:09:26 | INFO    |   demo_seg_06    ->    0 patches (mags=[5, 10, 20])
2026-06-29 17:09:30 | INFO    |   demo_seg_07    ->   50 patches (mags=[5, 10, 20])
2026-06-29 17:09:33 | INFO    |   demo_seg_08    ->   13 patches (mags=[5, 10, 20])
2026-06-29 17:09:36 | INFO    |   demo_seg_09    ->   77 patches (mags=[5, 10, 20])
2026-06-29 17:09:41 | INFO    |   demo_seg_10    ->    4 patches (mags=[5, 10, 20])
2026-06-29 17:09:45 | INFO    |   demo_seg_11    ->   75 patches (mags=[5, 10, 20])
2026-06-29 17:09:48 | INFO    |   demo_seg_12    ->   51 patches (mags=[5, 10, 20])
2026-06-29 17:09:52 | INFO    |   demo_seg_13    ->   72 patches (mags=[5, 10, 20])
2026-06-29 17:09:52 | INFO    | Total patches: 616
2026-06-29 17:09:52 | INFO    | Split (patches): train=408 val=57 test=151 | slides 9/2/2
2026-06-29 17:09:52 | INFO    | DONE. Manifests in E:\Project\canine-melanoma-catch\data\processed\seg_splits
2026-06-29 17:10:04 | INFO    | Patches: train=24 val=12 test=12
2026-06-29 17:10:04 | INFO    | Device: cpu
2026-06-29 17:10:05 | INFO    | Model: baseline (encoder=resnet34, params=31.04M)
2026-06-29 17:10:05 | INFO    | Tumour pixel fraction ~0.095 -> BCE pos_weight=9.57
2026-06-29 17:16:34 | INFO    | epoch 01/2 | train 1.0839 | val 1.0241 | dice 0.0000 | iou 0.0000 | lr 5.00e-05 | 385.7s
2026-06-29 17:23:10 | INFO    | epoch 02/2 | train 0.8453 | val 1.0215 | dice 0.7744 | iou 0.6318 | lr 0.00e+00 | 394.5s
2026-06-29 17:23:11 | INFO    | Best val Dice 0.7744 at epoch 2
2026-06-29 17:23:43 | INFO    | TEST | dice 0.8422 | iou 0.7274 | pix-acc 0.9814 | hausdorff 111.27
2026-06-29 17:23:59 | INFO    | Report written: E:\Project\canine-melanoma-catch\outputs\logs\unet_baseline_test_report.json
2026-06-29 17:24:14 | INFO    | Patches: train=24 val=12 test=12
2026-06-29 17:24:14 | INFO    | Device: cpu
2026-06-29 17:24:21 | INFO    | Model: unet (encoder=resnet34, params=24.44M)
2026-06-29 17:24:21 | INFO    | Tumour pixel fraction ~0.095 -> BCE pos_weight=9.57
2026-06-29 17:25:01 | INFO    | epoch 01/2 | train 1.0213 | val 0.9894 | dice 0.1748 | iou 0.0958 | lr 5.00e-05 | 40.1s
2026-06-29 17:25:38 | INFO    | epoch 02/2 | train 0.9245 | val 0.8869 | dice 0.2511 | iou 0.1435 | lr 0.00e+00 | 36.6s
2026-06-29 17:25:39 | INFO    | Best val Dice 0.2511 at epoch 2
2026-06-29 17:25:48 | INFO    | TEST | dice 0.2249 | iou 0.1267 | pix-acc 0.5341 | hausdorff 218.53
2026-06-29 17:25:54 | INFO    | Report written: E:\Project\canine-melanoma-catch\outputs\logs\unet_resnet34_test_report.json
2026-06-29 17:26:03 | INFO    | Patches: train=24 val=12 test=12
2026-06-29 17:26:03 | INFO    | Device: cpu
2026-06-29 17:26:03 | INFO    | Model: attention (encoder=resnet34, params=31.39M)
2026-06-29 17:26:03 | INFO    | Tumour pixel fraction ~0.095 -> BCE pos_weight=9.57
2026-06-29 17:28:55 | INFO    | DEMO mode: generating 4 slides/class for ['melanocytic', 'mast_cell', 'squamous_cell']
2026-06-29 17:29:02 | INFO    | Classes (subtype mode): {'mast_cell': 0, 'melanocytic': 1, 'squamous_cell': 2}
2026-06-29 17:29:03 | INFO    |   melanocytic_00     [melanocytic] -> 28 patches
2026-06-29 17:29:05 | INFO    |   melanocytic_01     [melanocytic] -> 33 patches
2026-06-29 17:29:06 | INFO    |   melanocytic_02     [melanocytic] -> 22 patches
2026-06-29 17:29:07 | INFO    |   melanocytic_03     [melanocytic] -> 34 patches
2026-06-29 17:29:08 | INFO    |   mast_cell_00       [mast_cell] -> 5 patches
2026-06-29 17:29:10 | INFO    |   mast_cell_01       [mast_cell] -> 33 patches
2026-06-29 17:29:11 | INFO    |   mast_cell_02       [mast_cell] -> 29 patches
2026-06-29 17:29:12 | INFO    |   mast_cell_03       [mast_cell] -> 10 patches
2026-06-29 17:29:13 | INFO    |   squamous_cell_00   [squamous_cell] -> 20 patches
2026-06-29 17:29:14 | INFO    |   squamous_cell_01   [squamous_cell] -> 35 patches
2026-06-29 17:29:16 | INFO    |   squamous_cell_02   [squamous_cell] -> 19 patches
2026-06-29 17:29:17 | INFO    |   squamous_cell_03   [squamous_cell] -> 33 patches
2026-06-29 17:29:17 | INFO    | Total patches: 301
2026-06-29 17:29:17 | INFO    | Split (patches): train=148 val=80 test=73
2026-06-29 17:29:17 | INFO    | DONE. Manifests in E:\Project\canine-melanoma-catch\data\processed\cls_splits
2026-06-29 17:29:30 | INFO    | Classes: ['mast_cell', 'melanocytic', 'squamous_cell']
2026-06-29 17:29:30 | INFO    | Patches: train=119 val=80 test=73
2026-06-29 17:29:30 | INFO    | Device: cpu
2026-06-29 17:29:38 | INFO    | Model: resnet50 (trainable head params=23514179)
2026-06-29 17:29:38 | INFO    | Class weights (imbalance handling): [1.02, 0.99, 0.99]
2026-06-29 17:30:44 | INFO    | epoch 01/3 | loss 1.0375 | val acc 0.650 | val f1 0.685 | auc 0.812 | 65.6s
2026-06-29 17:31:49 | INFO    | epoch 02/3 | loss 0.9663 | val acc 0.812 | val f1 0.833 | auc 0.923 | 65.1s
2026-06-29 17:31:49 | INFO    |   unfroze to stage 1 (14970883 trainable params)
2026-06-29 17:33:06 | INFO    | epoch 03/3 | loss 0.8197 | val acc 1.000 | val f1 1.000 | auc 1.000 | 76.7s
2026-06-29 17:33:06 | INFO    | Best val macro-F1 1.0000 at epoch 3
2026-06-29 17:33:30 | INFO    | TEST | acc 1.000 | macro-F1 1.000 | precision 1.000 | recall 1.000 | auc 1.000
2026-06-29 17:33:31 | INFO    | Report written: E:\Project\canine-melanoma-catch\outputs\logs\cls_resnet50_test_report.json
2026-06-29 17:34:06 | INFO    | Patches: train=16 val=10 test=10
2026-06-29 17:34:06 | INFO    | Device: cpu
2026-06-29 17:34:06 | INFO    | Model: attention (encoder=resnet34, params=31.39M)
2026-06-29 17:34:06 | INFO    | Tumour pixel fraction ~0.119 -> BCE pos_weight=7.40
2026-06-29 17:38:01 | INFO    | Patches: train=16 val=10 test=10
2026-06-29 17:38:01 | INFO    | Device: cpu
2026-06-29 17:38:01 | INFO    | Model: attention (encoder=resnet34, params=31.39M)
2026-06-29 17:38:01 | INFO    | Tumour pixel fraction ~0.119 -> BCE pos_weight=7.40
2026-06-29 17:40:59 | INFO    | Patches: train=16 val=10 test=10
2026-06-29 17:40:59 | INFO    | Device: cpu
2026-06-29 17:40:59 | INFO    | Model: attention (encoder=resnet34, params=31.39M)
2026-06-29 17:40:59 | INFO    | Tumour pixel fraction ~0.119 -> BCE pos_weight=7.40
2026-06-29 17:44:03 | INFO    | Patches: train=16 val=10 test=10
2026-06-29 17:44:03 | INFO    | Device: cpu
2026-06-29 17:44:04 | INFO    | Model: attention (encoder=resnet34, params=31.39M)
2026-06-29 17:44:04 | INFO    | Tumour pixel fraction ~0.119 -> BCE pos_weight=7.40
2026-06-29 17:47:18 | INFO    | Patches: train=16 val=10 test=10
2026-06-29 17:47:18 | INFO    | Device: cpu
2026-06-29 17:47:19 | INFO    | Model: attention (encoder=resnet34, params=31.39M)
2026-06-29 17:47:19 | INFO    | Tumour pixel fraction ~0.119 -> BCE pos_weight=7.40
2026-06-29 17:50:22 | INFO    | Patches: train=16 val=10 test=10
2026-06-29 17:50:22 | INFO    | Device: cpu
2026-06-29 17:50:22 | INFO    | Model: attention (encoder=resnet34, params=31.39M)
2026-06-29 17:50:22 | INFO    | Tumour pixel fraction ~0.119 -> BCE pos_weight=7.40
2026-06-29 17:53:21 | INFO    | Patches: train=16 val=10 test=10
2026-06-29 17:53:21 | INFO    | Device: cpu
2026-06-29 17:53:21 | INFO    | Model: attention (encoder=resnet34, params=31.39M)
2026-06-29 17:53:21 | INFO    | Tumour pixel fraction ~0.119 -> BCE pos_weight=7.40
2026-06-29 17:57:17 | INFO    | Patches: train=16 val=10 test=10
2026-06-29 17:57:17 | INFO    | Device: cpu
2026-06-29 17:57:18 | INFO    | Model: attention (encoder=resnet34, params=31.39M)
2026-06-29 17:57:18 | INFO    | Tumour pixel fraction ~0.119 -> BCE pos_weight=7.40
2026-06-29 17:59:22 | INFO    | Patches: train=16 val=10 test=10
2026-06-29 17:59:22 | INFO    | Device: cpu
2026-06-29 17:59:23 | INFO    | Model: attention (encoder=resnet34, params=31.39M)
2026-06-29 17:59:23 | INFO    | Tumour pixel fraction ~0.119 -> BCE pos_weight=7.40
2026-06-29 18:01:48 | INFO    | epoch 01/2 | train 0.9695 | val 0.9690 | dice 0.7278 | iou 0.5721 | lr 5.00e-05 | 141.6s
2026-06-29 18:04:01 | INFO    | epoch 02/2 | train 0.8155 | val 0.9271 | dice 0.9588 | iou 0.9209 | lr 0.00e+00 | 132.5s
2026-06-29 18:04:02 | INFO    | Best val Dice 0.9588 at epoch 2
2026-06-29 18:04:25 | INFO    | TEST | dice 0.9646 | iou 0.9316 | pix-acc 0.9942 | hausdorff 113.32
2026-06-29 18:04:42 | INFO    | Report written: E:\Project\canine-melanoma-catch\outputs\logs\unet_attention_test_report.json
2026-06-29 20:10:20 | INFO    | Subtype folders ready under E:\Project\canine-melanoma-catch\data\raw: ['Melanoma', 'Mast Cell Tumor', 'SCC', 'PNST', 'Trichoblastoma', 'Histiocytoma', 'Plasmacytoma']
2026-06-29 20:10:20 | INFO    | Annotations already present in E:\Project\canine-melanoma-catch\data\raw\annotations
2026-06-29 20:10:20 | WARNING | No CATCH whole-slide images found in E:\Project\canine-melanoma-catch\data\raw
2026-06-29 20:10:20 | INFO    | 
================ CATCH dataset download (TCIA) ================
Reference : Wilm et al. (2022) 'Pan-tumor CAnine cuTaneous Cancer Histology
            (CATCH) dataset', Scientific Data 9, 588.
DOI       : 10.7937/TCIA.2M93-FX66
Collection: https://www.cancerimagingarchive.net/collection/catch/
Contents  : 350 .svs WSIs (50 each of 7 tumour subtypes) + 12,424 polygon
            annotations (MS-COCO JSON + SQLite3).

1. Create a free TCIA account and accept the CATCH data-use agreement.
2. On the collection page, download the '.tcia' manifest (images) and the
   supplemental annotation archive (COCO JSON + SQLite).
3. Get the NBIA Data Retriever (GUI) OR install the Python client:
       pip install nbiatoolkit
4a. GUI : open the manifest in NBIA Data Retriever, save slides into data/raw/.
4b. CLI : python -m src.data_acquisition.download_catch --manifest <file>.tcia
5. Unzip the annotation archive so the COCO .json (and/or .sqlite) sits under
   data/raw/ (any subfolder — it is auto-discovered).
6. Re-run this script (no args) to verify the download.

Recommended on-disk layout (subtype folders make labelling unambiguous):
    data/raw/
      Melanoma/*.svs   Mast cell tumor/*.svs   Squamous cell carcinoma/*.svs
      Peripheral nerve sheath tumor/*.svs   Trichoblastoma/*.svs
      Histiocytoma/*.svs   Plasmacytoma/*.svs
      annotations/CATCH.json        (MS-COCO polygons)
==============================================================

2026-06-29 20:10:20 | INFO    | Whole-slide images (522 GB) download separately via Aspera: https://www.cancerimagingarchive.net/collection/catch/
2026-06-29 20:13:27 | INFO    | DEMO mode: generating 3 slides/class for ['melanocytic', 'mast_cell', 'squamous_cell']
2026-06-29 20:13:32 | INFO    | Classes (subtype mode): {'mast_cell': 0, 'melanocytic': 1, 'squamous_cell': 2}
2026-06-29 20:13:34 | INFO    |   melanocytic_00     [melanocytic] -> 28 patches
2026-06-29 20:13:35 | INFO    |   melanocytic_01     [melanocytic] -> 33 patches
2026-06-29 20:13:37 | INFO    |   melanocytic_02     [melanocytic] -> 22 patches
2026-06-29 20:13:38 | INFO    |   mast_cell_00       [mast_cell] -> 5 patches
2026-06-29 20:13:40 | INFO    |   mast_cell_01       [mast_cell] -> 33 patches
2026-06-29 20:13:41 | INFO    |   mast_cell_02       [mast_cell] -> 29 patches
2026-06-29 20:13:43 | INFO    |   squamous_cell_00   [squamous_cell] -> 20 patches
2026-06-29 20:13:44 | INFO    |   squamous_cell_01   [squamous_cell] -> 35 patches
2026-06-29 20:13:45 | INFO    |   squamous_cell_02   [squamous_cell] -> 19 patches
2026-06-29 20:13:45 | INFO    | Total patches: 224
2026-06-29 20:13:45 | INFO    | Split (patches): train=92 val=74 test=58
2026-06-29 20:13:45 | INFO    | DONE. Manifests in E:\Project\canine-melanoma-catch\data\processed\cls_splits
2026-06-29 20:13:50 | INFO    | DEMO mode: generating synthetic H&E slides
2026-06-29 20:13:51 | INFO    | Processing 2 slide(s)
2026-06-29 20:13:53 | INFO    |   demo_slide_bluish.png -> 12 patches (label=demo_bluish)
2026-06-29 20:13:55 | INFO    |   demo_slide_pinkish.png -> 14 patches (label=demo_pinkish)
2026-06-29 20:13:55 | INFO    | Quality report written: E:\Project\canine-melanoma-catch\outputs\logs\quality_report.csv
2026-06-29 20:13:56 | INFO    | Split: train=18 val=4 test=4 (total=26)
2026-06-29 20:13:56 | INFO    | DONE. Figures in E:\Project\canine-melanoma-catch\outputs\figures, reports in E:\Project\canine-melanoma-catch\outputs\logs
